<?xml version="1.0" encoding="UTF-8"?>
<!-- Generated by org.testng.reporters.JUnitReportReporter -->
<testsuite name="com.viktorcompany.test.LoginPageTest" tests="1" time="9.789" ignored="0" failures="0" timestamp="06 Aug 2018 18:07:51 GMT" skipped="0" hostname="510ikb1703" errors="0">
  <testcase name="checkLoginWithValidCredentials" time="9.789" classname="com.viktorcompany.test.LoginPageTest"/>
</testsuite> <!-- com.viktorcompany.test.LoginPageTest -->
