<?xml version="1.0" encoding="UTF-8"?>
<!-- Generated by org.testng.reporters.JUnitReportReporter -->
<testsuite name="com.viktorcompany.test.LoginPageTest" tests="2" time="14.653" ignored="0" failures="0" timestamp="16 Oct 2018 20:25:37 GMT" skipped="0" hostname="DESKTOP-P5FBFAQ" errors="0">
  <testcase name="checkLoginWithValidCredentials" time="11.287" classname="com.viktorcompany.test.LoginPageTest"/>
  <testcase name="checkUserNotLoggedInWithInvalidCredentials" time="3.366" classname="com.viktorcompany.test.LoginPageTest"/>
</testsuite> <!-- com.viktorcompany.test.LoginPageTest -->
